<?xml version="1.0" encoding="UTF-8"?>
<!-- Generated by org.testng.reporters.JUnitXMLReporter -->
<testsuite ignored="14" hostname="DESKTOP-OF3OC9C" failures="2" tests="2" name="AttStoresTest(failed)" time="8.834" errors="0" timestamp="13 Sep 2023 04:35:43 GMT">
  <testcase classname="com.qa.Test.AttStoresTest" name="VerifyFooterServices" time="5.654">
    <failure type="org.openqa.selenium.ElementClickInterceptedException" message="element click intercepted: Element &amp;lt;a href=&amp;quot;https://www.att.com/stores/&amp;quot; data-analytics-action=&amp;quot;linkClick&amp;quot; data-analytics-code=&amp;quot;Link_Click&amp;quot; data-analytics-info=&amp;quot;{&amp;apos;events.linkName&amp;apos;:&amp;apos;Find a store&amp;apos;,&amp;apos;events.linkPosition&amp;apos;:&amp;apos;Footer&amp;apos;, &amp;apos;events.linkDestinationUrl&amp;apos;:&amp;apos;https://www.att.com/stores/&amp;apos;}&amp;quot; aria-label=&amp;quot;Find a store &amp;quot; target=&amp;quot;_self&amp;quot;&amp;gt;...&amp;lt;/a&amp;gt; is not clickable at point (109, 381). Other element would receive the click: &amp;lt;div class=&amp;quot;fsrAbandonButton fsrModalBackdrop&amp;quot; id=&amp;quot;fsrFullScreenContainer&amp;quot; data-isbackdrop=&amp;quot;true&amp;quot;&amp;gt;...&amp;lt;/div&amp;gt;
  (Session info: chrome=116.0.5845.182)
Build info: version: &amp;apos;3.14.0&amp;apos;, revision: &amp;apos;aacccce0&amp;apos;, time: &amp;apos;2018-08-02T20:19:58.91Z&amp;apos;
System info: host: &amp;apos;DESKTOP-OF3OC9C&amp;apos;, ip: &amp;apos;192.168.1.23&amp;apos;, os.name: &amp;apos;Windows 11&amp;apos;, os.arch: &amp;apos;amd64&amp;apos;, os.version: &amp;apos;10.0&amp;apos;, java.version: &amp;apos;17.0.8&amp;apos;
Driver info: org.openqa.selenium.chrome.ChromeDriver
Capabilities {acceptInsecureCerts: false, browserName: chrome, browserVersion: 116.0.5845.182, chrome: {chromedriverVersion: 116.0.5845.96 (1a3918166880..., userDataDir: C:\Users\TESTRI~1\AppData\L...}, fedcm:accounts: true, goog:chromeOptions: {debuggerAddress: localhost:50494}, javascriptEnabled: true, networkConnectionEnabled: false, pageLoadStrategy: none, platform: WINDOWS, platformName: WINDOWS, proxy: Proxy(), setWindowRect: true, strictFileInteractability: false, timeouts: {implicit: 0, pageLoad: 300000, script: 30000}, unhandledPromptBehavior: dismiss and notify, webauthn:extension:credBlob: true, webauthn:extension:largeBlob: true, webauthn:extension:minPinLength: true, webauthn:extension:prf: true, webauthn:virtualAuthenticators: true}
Session ID: 400b17016fe8bd0684c4ea63504ad7fa">
      <![CDATA[org.openqa.selenium.ElementClickInterceptedException: element click intercepted: Element <a href="https://www.att.com/stores/" data-analytics-action="linkClick" data-analytics-code="Link_Click" data-analytics-info="{'events.linkName':'Find a store','events.linkPosition':'Footer', 'events.linkDestinationUrl':'https://www.att.com/stores/'}" aria-label="Find a store " target="_self">...</a> is not clickable at point (109, 381). Other element would receive the click: <div class="fsrAbandonButton fsrModalBackdrop" id="fsrFullScreenContainer" data-isbackdrop="true">...</div>
  (Session info: chrome=116.0.5845.182)
Build info: version: '3.14.0', revision: 'aacccce0', time: '2018-08-02T20:19:58.91Z'
System info: host: 'DESKTOP-OF3OC9C', ip: '192.168.1.23', os.name: 'Windows 11', os.arch: 'amd64', os.version: '10.0', java.version: '17.0.8'
Driver info: org.openqa.selenium.chrome.ChromeDriver
Capabilities {acceptInsecureCerts: false, browserName: chrome, browserVersion: 116.0.5845.182, chrome: {chromedriverVersion: 116.0.5845.96 (1a3918166880..., userDataDir: C:\Users\TESTRI~1\AppData\L...}, fedcm:accounts: true, goog:chromeOptions: {debuggerAddress: localhost:50494}, javascriptEnabled: true, networkConnectionEnabled: false, pageLoadStrategy: none, platform: WINDOWS, platformName: WINDOWS, proxy: Proxy(), setWindowRect: true, strictFileInteractability: false, timeouts: {implicit: 0, pageLoad: 300000, script: 30000}, unhandledPromptBehavior: dismiss and notify, webauthn:extension:credBlob: true, webauthn:extension:largeBlob: true, webauthn:extension:minPinLength: true, webauthn:extension:prf: true, webauthn:virtualAuthenticators: true}
Session ID: 400b17016fe8bd0684c4ea63504ad7fa
at org.openqa.selenium.remote.http.W3CHttpResponseCodec.createException(W3CHttpResponseCodec.java:187)
at org.openqa.selenium.remote.http.W3CHttpResponseCodec.decode(W3CHttpResponseCodec.java:122)
at org.openqa.selenium.remote.http.W3CHttpResponseCodec.decode(W3CHttpResponseCodec.java:49)
at org.openqa.selenium.remote.HttpCommandExecutor.execute(HttpCommandExecutor.java:158)
at org.openqa.selenium.remote.service.DriverCommandExecutor.execute(DriverCommandExecutor.java:83)
at org.openqa.selenium.remote.RemoteWebDriver.execute(RemoteWebDriver.java:548)
at org.openqa.selenium.remote.RemoteWebElement.execute(RemoteWebElement.java:276)
at org.openqa.selenium.remote.RemoteWebElement.click(RemoteWebElement.java:83)
at com.qa.Pages.AttStores.FooterServices(AttStores.java:311)
at com.qa.Test.AttStoresTest.VerifyFooterServices(AttStoresTest.java:98)
... Removed 30 stack frames]]>
    </failure>
  </testcase> <!-- VerifyFooterServices -->
  <testcase classname="com.qa.Test.AttStoresTest" name="VerifyOverviewSectionAddressOnMap" time="1.15">
    <failure type="org.openqa.selenium.ElementClickInterceptedException" message="element click intercepted: Element &amp;lt;a class=&amp;quot;c-get-directions-button Core-directions ButtonRedesign--secondary cta-track&amp;quot; href=&amp;quot;https://maps.google.com/maps?q=ATT Store, 200 Central Ave, Westfield, NJ, 07090&amp;quot; data-ga-category=&amp;quot;Get Directions&amp;quot; data-detm-name=&amp;quot;Get Directions&amp;quot; data-detm-position=&amp;quot;Body&amp;quot; data-ya-track=&amp;quot;directions&amp;quot; target=&amp;quot;_blank&amp;quot; rel=&amp;quot;noopener noreferrer&amp;quot;&amp;gt;...&amp;lt;/a&amp;gt; is not clickable at point (1130, 112). Other element would receive the click: &amp;lt;div class=&amp;quot;fsrAbandonButton fsrModalBackdrop&amp;quot; id=&amp;quot;fsrFullScreenContainer&amp;quot; data-isbackdrop=&amp;quot;true&amp;quot;&amp;gt;...&amp;lt;/div&amp;gt;
  (Session info: chrome=116.0.5845.182)
Build info: version: &amp;apos;3.14.0&amp;apos;, revision: &amp;apos;aacccce0&amp;apos;, time: &amp;apos;2018-08-02T20:19:58.91Z&amp;apos;
System info: host: &amp;apos;DESKTOP-OF3OC9C&amp;apos;, ip: &amp;apos;192.168.1.23&amp;apos;, os.name: &amp;apos;Windows 11&amp;apos;, os.arch: &amp;apos;amd64&amp;apos;, os.version: &amp;apos;10.0&amp;apos;, java.version: &amp;apos;17.0.8&amp;apos;
Driver info: org.openqa.selenium.chrome.ChromeDriver
Capabilities {acceptInsecureCerts: false, browserName: chrome, browserVersion: 116.0.5845.182, chrome: {chromedriverVersion: 116.0.5845.96 (1a3918166880..., userDataDir: C:\Users\TESTRI~1\AppData\L...}, fedcm:accounts: true, goog:chromeOptions: {debuggerAddress: localhost:50494}, javascriptEnabled: true, networkConnectionEnabled: false, pageLoadStrategy: none, platform: WINDOWS, platformName: WINDOWS, proxy: Proxy(), setWindowRect: true, strictFileInteractability: false, timeouts: {implicit: 0, pageLoad: 300000, script: 30000}, unhandledPromptBehavior: dismiss and notify, webauthn:extension:credBlob: true, webauthn:extension:largeBlob: true, webauthn:extension:minPinLength: true, webauthn:extension:prf: true, webauthn:virtualAuthenticators: true}
Session ID: 400b17016fe8bd0684c4ea63504ad7fa">
      <![CDATA[org.openqa.selenium.ElementClickInterceptedException: element click intercepted: Element <a class="c-get-directions-button Core-directions ButtonRedesign--secondary cta-track" href="https://maps.google.com/maps?q=ATT Store, 200 Central Ave, Westfield, NJ, 07090" data-ga-category="Get Directions" data-detm-name="Get Directions" data-detm-position="Body" data-ya-track="directions" target="_blank" rel="noopener noreferrer">...</a> is not clickable at point (1130, 112). Other element would receive the click: <div class="fsrAbandonButton fsrModalBackdrop" id="fsrFullScreenContainer" data-isbackdrop="true">...</div>
  (Session info: chrome=116.0.5845.182)
Build info: version: '3.14.0', revision: 'aacccce0', time: '2018-08-02T20:19:58.91Z'
System info: host: 'DESKTOP-OF3OC9C', ip: '192.168.1.23', os.name: 'Windows 11', os.arch: 'amd64', os.version: '10.0', java.version: '17.0.8'
Driver info: org.openqa.selenium.chrome.ChromeDriver
Capabilities {acceptInsecureCerts: false, browserName: chrome, browserVersion: 116.0.5845.182, chrome: {chromedriverVersion: 116.0.5845.96 (1a3918166880..., userDataDir: C:\Users\TESTRI~1\AppData\L...}, fedcm:accounts: true, goog:chromeOptions: {debuggerAddress: localhost:50494}, javascriptEnabled: true, networkConnectionEnabled: false, pageLoadStrategy: none, platform: WINDOWS, platformName: WINDOWS, proxy: Proxy(), setWindowRect: true, strictFileInteractability: false, timeouts: {implicit: 0, pageLoad: 300000, script: 30000}, unhandledPromptBehavior: dismiss and notify, webauthn:extension:credBlob: true, webauthn:extension:largeBlob: true, webauthn:extension:minPinLength: true, webauthn:extension:prf: true, webauthn:virtualAuthenticators: true}
Session ID: 400b17016fe8bd0684c4ea63504ad7fa
at org.openqa.selenium.remote.http.W3CHttpResponseCodec.createException(W3CHttpResponseCodec.java:187)
at org.openqa.selenium.remote.http.W3CHttpResponseCodec.decode(W3CHttpResponseCodec.java:122)
at org.openqa.selenium.remote.http.W3CHttpResponseCodec.decode(W3CHttpResponseCodec.java:49)
at org.openqa.selenium.remote.HttpCommandExecutor.execute(HttpCommandExecutor.java:158)
at org.openqa.selenium.remote.service.DriverCommandExecutor.execute(DriverCommandExecutor.java:83)
at org.openqa.selenium.remote.RemoteWebDriver.execute(RemoteWebDriver.java:548)
at org.openqa.selenium.remote.RemoteWebElement.execute(RemoteWebElement.java:276)
at org.openqa.selenium.remote.RemoteWebElement.click(RemoteWebElement.java:83)
at org.openqa.selenium.support.pagefactory.internal.LocatingElementHandler.invoke(LocatingElementHandler.java:51)
at jdk.proxy2/jdk.proxy2.$Proxy12.click(Unknown Source)
at com.qa.Pages.AttStores.OverviewTabAddressMap(AttStores.java:226)
at com.qa.Test.AttStoresTest.VerifyOverviewSectionAddressOnMap(AttStoresTest.java:102)
... Removed 34 stack frames]]>
    </failure>
  </testcase> <!-- VerifyOverviewSectionAddressOnMap -->
  <testcase classname="com.qa.Test.AttStoresTest" name="VerifyAttServices" time="0.0">
    <ignored/>
  </testcase> <!-- VerifyAttServices -->
  <testcase classname="com.qa.Test.AttStoresTest" name="VerifyShopNowLink" time="0.0">
    <ignored/>
  </testcase> <!-- VerifyShopNowLink -->
  <testcase classname="com.qa.Test.AttStoresTest" name="VerifyAboutSectnTitle" time="0.0">
    <ignored/>
  </testcase> <!-- VerifyAboutSectnTitle -->
  <testcase classname="com.qa.Test.AttStoresTest" name="VerifyPaymentLink" time="0.0">
    <ignored/>
  </testcase> <!-- VerifyPaymentLink -->
  <testcase classname="com.qa.Test.AttStoresTest" name="VerifyFAQQuestions" time="0.0">
    <ignored/>
  </testcase> <!-- VerifyFAQQuestions -->
  <testcase classname="com.qa.Test.AttStoresTest" name="VerifyHeading" time="0.0">
    <ignored/>
  </testcase> <!-- VerifyHeading -->
  <testcase classname="com.qa.Test.AttStoresTest" name="VerifyGetSupportPageLink" time="0.0">
    <ignored/>
  </testcase> <!-- VerifyGetSupportPageLink -->
  <testcase classname="com.qa.Test.AttStoresTest" name="VerifyATTPageLink" time="0.0">
    <ignored/>
  </testcase> <!-- VerifyATTPageLink -->
  <testcase classname="com.qa.Test.AttStoresTest" name="VerifyOverviewSectionTime" time="0.0">
    <ignored/>
  </testcase> <!-- VerifyOverviewSectionTime -->
  <testcase classname="com.qa.Test.AttStoresTest" name="VerifyFAQTitle" time="0.0">
    <ignored/>
  </testcase> <!-- VerifyFAQTitle -->
  <testcase classname="com.qa.Test.AttStoresTest" name="VerifyUpgradeDeviceLink" time="0.0">
    <ignored/>
  </testcase> <!-- VerifyUpgradeDeviceLink -->
  <testcase classname="com.qa.Test.AttStoresTest" name="VerifyFeedbackWindowClosed" time="0.0">
    <ignored/>
  </testcase> <!-- VerifyFeedbackWindowClosed -->
  <testcase classname="com.qa.Test.AttStoresTest" name="VerifyOffersSectionTitle" time="0.0">
    <ignored/>
  </testcase> <!-- VerifyOffersSectionTitle -->
  <testcase classname="com.qa.Test.AttStoresTest" name="VerifyOverviewSectionAddress" time="0.0">
    <ignored/>
  </testcase> <!-- VerifyOverviewSectionAddress -->
</testsuite> <!-- AttStoresTest(failed) -->
